flutter/android/app/build/intermediates/manifest_merge_blame_file/release/processReleaseMainManifest/manifest-merger-blame-release-report.txt
1<?xml version="1.0" encoding="utf-8"?>
2<manifest xmlns:android="http://schemas.android.com/apk/res/android"
3    package="com.affiliatepro.mobile"
4    android:versionCode="2"
5    android:versionName="1.0.1" >
6
7    <uses-sdk
8        android:minSdkVersion="21"
9        android:targetSdkVersion="35" />
10
11    <uses-permission android:name="android.permission.INTERNET" />
11-->src\main\AndroidManifest.xml:2:5-66
11-->src\main\AndroidManifest.xml:2:22-64
12    <uses-permission android:name="android.permission.ACCESS_NETWORK_STATE" />
12-->src\main\AndroidManifest.xml:3:5-78
12-->src\main\AndroidManifest.xml:3:22-76
13    <!--
14         Required to query activities that can process text, see:
15         https://developer.android.com/training/package-visibility and
16         https://developer.android.com/reference/android/content/Intent#ACTION_PROCESS_TEXT.
17
18         In particular, this is used by the Flutter engine in io.flutter.plugin.text.ProcessTextPlugin.
19    -->
20    <queries>
20-->src\main\AndroidManifest.xml:43:5-56:15
21        <intent>
21-->src\main\AndroidManifest.xml:44:9-47:18
22            <action android:name="android.intent.action.VIEW" />
22-->src\main\AndroidManifest.xml:45:13-65
22-->src\main\AndroidManifest.xml:45:21-62
23
24            <data android:scheme="https" />
24-->src\main\AndroidManifest.xml:46:13-44
24-->src\main\AndroidManifest.xml:46:19-41
25        </intent>
26        <intent>
26-->src\main\AndroidManifest.xml:48:9-51:18
27            <action android:name="android.intent.action.VIEW" />
27-->src\main\AndroidManifest.xml:45:13-65
27-->src\main\AndroidManifest.xml:45:21-62
28
29            <data android:scheme="http" />
29-->src\main\AndroidManifest.xml:46:13-44
29-->src\main\AndroidManifest.xml:46:19-41
30        </intent>
31        <intent>
31-->src\main\AndroidManifest.xml:52:9-55:18
32            <action android:name="android.intent.action.PROCESS_TEXT" />
32-->src\main\AndroidManifest.xml:53:13-72
32-->src\main\AndroidManifest.xml:53:21-70
33
34            <data android:mimeType="text/plain" />
34-->src\main\AndroidManifest.xml:46:13-44
34-->src\main\AndroidManifest.xml:54:19-48
35        </intent>
36        <intent>
36-->[:flutter_inappwebview_android] AndroidManifest.xml:8:9-10:18
37            <action android:name="android.support.customtabs.action.CustomTabsService" />
37-->[:flutter_inappwebview_android] AndroidManifest.xml:9:13-90
37-->[:flutter_inappwebview_android] AndroidManifest.xml:9:21-87
38        </intent>
39    </queries>
40
41    <uses-permission
41-->[:open_filex] AndroidManifest.xml:8:5-10:38
42        android:name="android.permission.READ_EXTERNAL_STORAGE"
42-->[:open_filex] AndroidManifest.xml:9:9-64
43        android:maxSdkVersion="32" />
43-->[:open_filex] AndroidManifest.xml:10:9-35
44    <uses-permission android:name="android.permission.READ_MEDIA_IMAGES" />
44-->[:open_filex] AndroidManifest.xml:11:5-76
44-->[:open_filex] AndroidManifest.xml:11:22-73
45    <uses-permission android:name="android.permission.READ_MEDIA_VIDEO" />
45-->[:open_filex] AndroidManifest.xml:12:5-75
45-->[:open_filex] AndroidManifest.xml:12:22-72
46    <uses-permission android:name="android.permission.READ_MEDIA_AUDIO" />
46-->[:open_filex] AndroidManifest.xml:13:5-75
46-->[:open_filex] AndroidManifest.xml:13:22-72
47
48    <permission
48-->[androidx.core:core:1.13.1] AndroidManifest.xml:22:5-24:47
49        android:name="com.affiliatepro.mobile.DYNAMIC_RECEIVER_NOT_EXPORTED_PERMISSION"
49-->[androidx.core:core:1.13.1] AndroidManifest.xml:23:9-81
50        android:protectionLevel="signature" />
50-->[androidx.core:core:1.13.1] AndroidManifest.xml:24:9-44
51
52    <uses-permission android:name="com.affiliatepro.mobile.DYNAMIC_RECEIVER_NOT_EXPORTED_PERMISSION" />
52-->[androidx.core:core:1.13.1] AndroidManifest.xml:26:5-97
52-->[androidx.core:core:1.13.1] AndroidManifest.xml:26:22-94
53
54    <application
55        android:name="io.flutter.app.FlutterApplication"
55-->src\main\AndroidManifest.xml:8:9-42
56        android:appComponentFactory="androidx.core.app.CoreComponentFactory"
56-->[androidx.core:core:1.13.1] AndroidManifest.xml:28:18-86
57        android:extractNativeLibs="true"
58        android:icon="@mipmap/ic_launcher"
58-->src\main\AndroidManifest.xml:9:9-43
59        android:label="EX"
59-->src\main\AndroidManifest.xml:7:9-27
60        android:requestLegacyExternalStorage="true" >
60-->src\main\AndroidManifest.xml:6:9-52
61        <activity
61-->src\main\AndroidManifest.xml:10:9-31:20
62            android:name="com.affiliatepro.mobile.MainActivity"
62-->src\main\AndroidManifest.xml:11:13-41
63            android:configChanges="orientation|keyboardHidden|keyboard|screenSize|smallestScreenSize|locale|layoutDirection|fontScale|screenLayout|density|uiMode"
63-->src\main\AndroidManifest.xml:16:13-163
64            android:exported="true"
64-->src\main\AndroidManifest.xml:12:13-36
65            android:hardwareAccelerated="true"
65-->src\main\AndroidManifest.xml:17:13-47
66            android:launchMode="singleTop"
66-->src\main\AndroidManifest.xml:13:13-43
67            android:taskAffinity=""
67-->src\main\AndroidManifest.xml:14:13-36
68            android:theme="@style/LaunchTheme"
68-->src\main\AndroidManifest.xml:15:13-47
69            android:windowSoftInputMode="adjustResize" >
69-->src\main\AndroidManifest.xml:18:13-55
70
71            <!--
72                 Specifies an Android theme to apply to this Activity as soon as
73                 the Android process has started. This theme is visible to the user
74                 while the Flutter UI initializes. After that, this theme continues
75                 to determine the Window background behind the Flutter UI.
76            -->
77            <meta-data
77-->src\main\AndroidManifest.xml:23:13-26:17
78                android:name="io.flutter.embedding.android.NormalTheme"
78-->src\main\AndroidManifest.xml:24:15-70
79                android:resource="@style/NormalTheme" />
79-->src\main\AndroidManifest.xml:25:15-52
80
81            <intent-filter>
81-->src\main\AndroidManifest.xml:27:13-30:29
82                <action android:name="android.intent.action.MAIN" />
82-->src\main\AndroidManifest.xml:28:17-68
82-->src\main\AndroidManifest.xml:28:25-66
83
84                <category android:name="android.intent.category.LAUNCHER" />
84-->src\main\AndroidManifest.xml:29:17-76
84-->src\main\AndroidManifest.xml:29:27-74
85            </intent-filter>
86        </activity>
87        <!--
88             Don't delete the meta-data below.
89             This is used by the Flutter tool to generate GeneratedPluginRegistrant.java
90        -->
91        <meta-data
91-->src\main\AndroidManifest.xml:34:9-36:33
92            android:name="flutterEmbedding"
92-->src\main\AndroidManifest.xml:35:13-44
93            android:value="2" />
93-->src\main\AndroidManifest.xml:36:13-30
94
95        <activity
95-->[:flutter_inappwebview_android] AndroidManifest.xml:14:9-18:47
96            android:name="com.pichillilorenzo.flutter_inappwebview_android.in_app_browser.InAppBrowserActivity"
96-->[:flutter_inappwebview_android] AndroidManifest.xml:15:13-112
97            android:configChanges="orientation|keyboardHidden|keyboard|screenSize|locale|layoutDirection|fontScale|screenLayout|density"
97-->[:flutter_inappwebview_android] AndroidManifest.xml:16:13-137
98            android:exported="false"
98-->[:flutter_inappwebview_android] AndroidManifest.xml:17:13-37
99            android:theme="@style/AppTheme" />
99-->[:flutter_inappwebview_android] AndroidManifest.xml:18:13-44
100        <activity
100-->[:flutter_inappwebview_android] AndroidManifest.xml:19:9-22:55
101            android:name="com.pichillilorenzo.flutter_inappwebview_android.chrome_custom_tabs.ChromeCustomTabsActivity"
101-->[:flutter_inappwebview_android] AndroidManifest.xml:20:13-120
102            android:exported="false"
102-->[:flutter_inappwebview_android] AndroidManifest.xml:21:13-37
103            android:theme="@style/ThemeTransparent" />
103-->[:flutter_inappwebview_android] AndroidManifest.xml:22:13-52
104        <activity
104-->[:flutter_inappwebview_android] AndroidManifest.xml:23:9-26:55
105            android:name="com.pichillilorenzo.flutter_inappwebview_android.chrome_custom_tabs.TrustedWebActivity"
105-->[:flutter_inappwebview_android] AndroidManifest.xml:24:13-114
106            android:exported="false"
106-->[:flutter_inappwebview_android] AndroidManifest.xml:25:13-37
107            android:theme="@style/ThemeTransparent" />
107-->[:flutter_inappwebview_android] AndroidManifest.xml:26:13-52
108        <activity
108-->[:flutter_inappwebview_android] AndroidManifest.xml:27:9-31:55
109            android:name="com.pichillilorenzo.flutter_inappwebview_android.chrome_custom_tabs.ChromeCustomTabsActivitySingleInstance"
109-->[:flutter_inappwebview_android] AndroidManifest.xml:28:13-134
110            android:exported="false"
110-->[:flutter_inappwebview_android] AndroidManifest.xml:29:13-37
111            android:launchMode="singleInstance"
111-->[:flutter_inappwebview_android] AndroidManifest.xml:30:13-48
112            android:theme="@style/ThemeTransparent" />
112-->[:flutter_inappwebview_android] AndroidManifest.xml:31:13-52
113        <activity
113-->[:flutter_inappwebview_android] AndroidManifest.xml:32:9-36:55
114            android:name="com.pichillilorenzo.flutter_inappwebview_android.chrome_custom_tabs.TrustedWebActivitySingleInstance"
114-->[:flutter_inappwebview_android] AndroidManifest.xml:33:13-128
115            android:exported="false"
115-->[:flutter_inappwebview_android] AndroidManifest.xml:34:13-37
116            android:launchMode="singleInstance"
116-->[:flutter_inappwebview_android] AndroidManifest.xml:35:13-48
117            android:theme="@style/ThemeTransparent" />
117-->[:flutter_inappwebview_android] AndroidManifest.xml:36:13-52
118
119        <receiver
119-->[:flutter_inappwebview_android] AndroidManifest.xml:38:9-41:40
120            android:name="com.pichillilorenzo.flutter_inappwebview_android.chrome_custom_tabs.ActionBroadcastReceiver"
120-->[:flutter_inappwebview_android] AndroidManifest.xml:39:13-119
121            android:enabled="true"
121-->[:flutter_inappwebview_android] AndroidManifest.xml:40:13-35
122            android:exported="false" />
122-->[:flutter_inappwebview_android] AndroidManifest.xml:41:13-37
123
124        <meta-data
124-->[:flutter_inappwebview_android] AndroidManifest.xml:43:9-45:36
125            android:name="io.flutter.embedded_views_preview"
125-->[:flutter_inappwebview_android] AndroidManifest.xml:44:13-61
126            android:value="true" />
126-->[:flutter_inappwebview_android] AndroidManifest.xml:45:13-33
127
128        <provider
128-->[:image_picker_android] AndroidManifest.xml:9:9-17:20
129            android:name="io.flutter.plugins.imagepicker.ImagePickerFileProvider"
129-->[:image_picker_android] AndroidManifest.xml:10:13-82
130            android:authorities="com.affiliatepro.mobile.flutter.image_provider"
130-->[:image_picker_android] AndroidManifest.xml:11:13-74
131            android:exported="false"
131-->[:image_picker_android] AndroidManifest.xml:12:13-37
132            android:grantUriPermissions="true" >
132-->[:image_picker_android] AndroidManifest.xml:13:13-47
133            <meta-data
133-->[:image_picker_android] AndroidManifest.xml:14:13-16:75
134                android:name="android.support.FILE_PROVIDER_PATHS"
134-->[:image_picker_android] AndroidManifest.xml:15:17-67
135                android:resource="@xml/flutter_image_picker_file_paths" />
135-->[:image_picker_android] AndroidManifest.xml:16:17-72
136        </provider> <!-- Trigger Google Play services to install the backported photo picker module. -->
137        <service
137-->[:image_picker_android] AndroidManifest.xml:19:9-31:19
138            android:name="com.google.android.gms.metadata.ModuleDependencies"
138-->[:image_picker_android] AndroidManifest.xml:20:13-78
139            android:enabled="false"
139-->[:image_picker_android] AndroidManifest.xml:21:13-36
140            android:exported="false" >
140-->[:image_picker_android] AndroidManifest.xml:22:13-37
141            <intent-filter>
141-->[:image_picker_android] AndroidManifest.xml:24:13-26:29
142                <action android:name="com.google.android.gms.metadata.MODULE_DEPENDENCIES" />
142-->[:image_picker_android] AndroidManifest.xml:25:17-94
142-->[:image_picker_android] AndroidManifest.xml:25:25-91
143            </intent-filter>
144
145            <meta-data
145-->[:image_picker_android] AndroidManifest.xml:28:13-30:36
146                android:name="photopicker_activity:0:required"
146-->[:image_picker_android] AndroidManifest.xml:29:17-63
147                android:value="" />
147-->[:image_picker_android] AndroidManifest.xml:30:17-33
148        </service>
149
150        <provider
150-->[:open_filex] AndroidManifest.xml:16:9-25:20
151            android:name="com.crazecoder.openfile.FileProvider"
151-->[:open_filex] AndroidManifest.xml:17:13-64
152            android:authorities="com.affiliatepro.mobile.fileProvider.com.crazecoder.openfile"
152-->[:open_filex] AndroidManifest.xml:18:13-88
153            android:exported="false"
153-->[:open_filex] AndroidManifest.xml:19:13-37
154            android:grantUriPermissions="true" >
154-->[:open_filex] AndroidManifest.xml:20:13-47
155            <meta-data
155-->[:image_picker_android] AndroidManifest.xml:14:13-16:75
156                android:name="android.support.FILE_PROVIDER_PATHS"
156-->[:image_picker_android] AndroidManifest.xml:15:17-67
157                android:resource="@xml/filepaths" />
157-->[:image_picker_android] AndroidManifest.xml:16:17-72
158        </provider>
159        <!--
160           Declares a provider which allows us to store files to share in
161           '.../caches/share_plus' and grant the receiving action access
162        -->
163        <provider
163-->[:share_plus] AndroidManifest.xml:13:9-21:20
164            android:name="dev.fluttercommunity.plus.share.ShareFileProvider"
164-->[:share_plus] AndroidManifest.xml:14:13-77
165            android:authorities="com.affiliatepro.mobile.flutter.share_provider"
165-->[:share_plus] AndroidManifest.xml:15:13-74
166            android:exported="false"
166-->[:share_plus] AndroidManifest.xml:16:13-37
167            android:grantUriPermissions="true" >
167-->[:share_plus] AndroidManifest.xml:17:13-47
168            <meta-data
168-->[:image_picker_android] AndroidManifest.xml:14:13-16:75
169                android:name="android.support.FILE_PROVIDER_PATHS"
169-->[:image_picker_android] AndroidManifest.xml:15:17-67
170                android:resource="@xml/flutter_share_file_paths" />
170-->[:image_picker_android] AndroidManifest.xml:16:17-72
171        </provider>
172        <!--
173           This manifest declared broadcast receiver allows us to use an explicit
174           Intent when creating a PendingItent to be informed of the user's choice
175        -->
176        <receiver
176-->[:share_plus] AndroidManifest.xml:26:9-32:20
177            android:name="dev.fluttercommunity.plus.share.SharePlusPendingIntent"
177-->[:share_plus] AndroidManifest.xml:27:13-82
178            android:exported="false" >
178-->[:share_plus] AndroidManifest.xml:28:13-37
179            <intent-filter>
179-->[:share_plus] AndroidManifest.xml:29:13-31:29
180                <action android:name="EXTRA_CHOSEN_COMPONENT" />
180-->[:share_plus] AndroidManifest.xml:30:17-65
180-->[:share_plus] AndroidManifest.xml:30:25-62
181            </intent-filter>
182        </receiver>
183
184        <activity
184-->[:url_launcher_android] AndroidManifest.xml:8:9-11:74
185            android:name="io.flutter.plugins.urllauncher.WebViewActivity"
185-->[:url_launcher_android] AndroidManifest.xml:9:13-74
186            android:exported="false"
186-->[:url_launcher_android] AndroidManifest.xml:10:13-37
187            android:theme="@android:style/Theme.NoTitleBar.Fullscreen" />
187-->[:url_launcher_android] AndroidManifest.xml:11:13-71
188
189        <uses-library
189-->[androidx.window:window:1.2.0] AndroidManifest.xml:23:9-25:40
190            android:name="androidx.window.extensions"
190-->[androidx.window:window:1.2.0] AndroidManifest.xml:24:13-54
191            android:required="false" />
191-->[androidx.window:window:1.2.0] AndroidManifest.xml:25:13-37
192        <uses-library
192-->[androidx.window:window:1.2.0] AndroidManifest.xml:26:9-28:40
193            android:name="androidx.window.sidecar"
193-->[androidx.window:window:1.2.0] AndroidManifest.xml:27:13-51
194            android:required="false" />
194-->[androidx.window:window:1.2.0] AndroidManifest.xml:28:13-37
195
196        <provider
196-->[androidx.emoji2:emoji2:1.2.0] AndroidManifest.xml:24:9-32:20
197            android:name="androidx.startup.InitializationProvider"
197-->[androidx.emoji2:emoji2:1.2.0] AndroidManifest.xml:25:13-67
198            android:authorities="com.affiliatepro.mobile.androidx-startup"
198-->[androidx.emoji2:emoji2:1.2.0] AndroidManifest.xml:26:13-68
199            android:exported="false" >
199-->[androidx.emoji2:emoji2:1.2.0] AndroidManifest.xml:27:13-37
200            <meta-data
200-->[androidx.emoji2:emoji2:1.2.0] AndroidManifest.xml:29:13-31:52
201                android:name="androidx.emoji2.text.EmojiCompatInitializer"
201-->[androidx.emoji2:emoji2:1.2.0] AndroidManifest.xml:30:17-75
202                android:value="androidx.startup" />
202-->[androidx.emoji2:emoji2:1.2.0] AndroidManifest.xml:31:17-49
203            <meta-data
203-->[androidx.lifecycle:lifecycle-process:2.7.0] AndroidManifest.xml:29:13-31:52
204                android:name="androidx.lifecycle.ProcessLifecycleInitializer"
204-->[androidx.lifecycle:lifecycle-process:2.7.0] AndroidManifest.xml:30:17-78
205                android:value="androidx.startup" />
205-->[androidx.lifecycle:lifecycle-process:2.7.0] AndroidManifest.xml:31:17-49
206            <meta-data
206-->[androidx.profileinstaller:profileinstaller:1.4.0] AndroidManifest.xml:29:13-31:52
207                android:name="androidx.profileinstaller.ProfileInstallerInitializer"
207-->[androidx.profileinstaller:profileinstaller:1.4.0] AndroidManifest.xml:30:17-85
208                android:value="androidx.startup" />
208-->[androidx.profileinstaller:profileinstaller:1.4.0] AndroidManifest.xml:31:17-49
209        </provider>
210
211        <receiver
211-->[androidx.profileinstaller:profileinstaller:1.4.0] AndroidManifest.xml:34:9-52:20
212            android:name="androidx.profileinstaller.ProfileInstallReceiver"
212-->[androidx.profileinstaller:profileinstaller:1.4.0] AndroidManifest.xml:35:13-76
213            android:directBootAware="false"
213-->[androidx.profileinstaller:profileinstaller:1.4.0] AndroidManifest.xml:36:13-44
214            android:enabled="true"
214-->[androidx.profileinstaller:profileinstaller:1.4.0] AndroidManifest.xml:37:13-35
215            android:exported="true"
215-->[androidx.profileinstaller:profileinstaller:1.4.0] AndroidManifest.xml:38:13-36
216            android:permission="android.permission.DUMP" >
216-->[androidx.profileinstaller:profileinstaller:1.4.0] AndroidManifest.xml:39:13-57
217            <intent-filter>
217-->[androidx.profileinstaller:profileinstaller:1.4.0] AndroidManifest.xml:40:13-42:29
218                <action android:name="androidx.profileinstaller.action.INSTALL_PROFILE" />
218-->[androidx.profileinstaller:profileinstaller:1.4.0] AndroidManifest.xml:41:17-91
218-->[androidx.profileinstaller:profileinstaller:1.4.0] AndroidManifest.xml:41:25-88
219            </intent-filter>
220            <intent-filter>
220-->[androidx.profileinstaller:profileinstaller:1.4.0] AndroidManifest.xml:43:13-45:29
221                <action android:name="androidx.profileinstaller.action.SKIP_FILE" />
221-->[androidx.profileinstaller:profileinstaller:1.4.0] AndroidManifest.xml:44:17-85
221-->[androidx.profileinstaller:profileinstaller:1.4.0] AndroidManifest.xml:44:25-82
222            </intent-filter>
223            <intent-filter>
223-->[androidx.profileinstaller:profileinstaller:1.4.0] AndroidManifest.xml:46:13-48:29
224                <action android:name="androidx.profileinstaller.action.SAVE_PROFILE" />
224-->[androidx.profileinstaller:profileinstaller:1.4.0] AndroidManifest.xml:47:17-88
224-->[androidx.profileinstaller:profileinstaller:1.4.0] AndroidManifest.xml:47:25-85
225            </intent-filter>
226            <intent-filter>
226-->[androidx.profileinstaller:profileinstaller:1.4.0] AndroidManifest.xml:49:13-51:29
227                <action android:name="androidx.profileinstaller.action.BENCHMARK_OPERATION" />
227-->[androidx.profileinstaller:profileinstaller:1.4.0] AndroidManifest.xml:50:17-95
227-->[androidx.profileinstaller:profileinstaller:1.4.0] AndroidManifest.xml:50:25-92
228            </intent-filter>
229        </receiver>
230    </application>
231
232</manifest>